This is pdfTeX, Version 3.14159265-2.6-1.40.21 (TeX Live 2020/W32TeX) (preloaded format=pdflatex 2020.9.26)  26 APR 2021 10:51
entering extended mode
 restricted \write18 enabled.
 file:line:error style messages enabled.
 %&-line parsing enabled.
**d:/Desktop/InProgress/SemestrVI/Semiconductors/code/report/main.tex
(d:/Desktop/InProgress/SemestrVI/Semiconductors/code/report/main.tex
LaTeX2e <2020-02-02> patch level 5
L3 programming layer <2020-09-24> (c:/texlive/2020/texmf-dist/tex/latex/base/book.cls
Document Class: book 2019/12/20 v1.4l Standard LaTeX document class
(c:/texlive/2020/texmf-dist/tex/latex/base/bk12.clo
File: bk12.clo 2019/12/20 v1.4l Standard LaTeX file (size option)
)
\c@part=\count168
\c@chapter=\count169
\c@section=\count170
\c@subsection=\count171
\c@subsubsection=\count172
\c@paragraph=\count173
\c@subparagraph=\count174
\c@figure=\count175
\c@table=\count176
\abovecaptionskip=\skip47
\belowcaptionskip=\skip48
\bibindent=\dimen134
) (c:/texlive/2020/texmf-dist/tex/latex/graphics/graphicx.sty
Package: graphicx 2019/11/30 v1.2a Enhanced LaTeX Graphics (DPC,SPQR)
 (c:/texlive/2020/texmf-dist/tex/latex/graphics/keyval.sty
Package: keyval 2014/10/28 v1.15 key=value parser (DPC)
\KV@toks@=\toks15
) (c:/texlive/2020/texmf-dist/tex/latex/graphics/graphics.sty
Package: graphics 2019/11/30 v1.4a Standard LaTeX Graphics (DPC,SPQR)
 (c:/texlive/2020/texmf-dist/tex/latex/graphics/trig.sty
Package: trig 2016/01/03 v1.10 sin cos tan (DPC)
) (c:/texlive/2020/texmf-dist/tex/latex/graphics-cfg/graphics.cfg
File: graphics.cfg 2016/06/04 v1.11 sample graphics configuration
)
Package graphics Info: Driver file: pdftex.def on input line 105.
 (c:/texlive/2020/texmf-dist/tex/latex/graphics-def/pdftex.def
File: pdftex.def 2020/08/26 v1.2 Graphics/color driver for pdftex
))
\Gin@req@height=\dimen135
\Gin@req@width=\dimen136
) (c:/texlive/2020/texmf-dist/tex/latex/graphics/color.sty
Package: color 2019/11/23 v1.2a Standard LaTeX Color (DPC)
 (c:/texlive/2020/texmf-dist/tex/latex/graphics-cfg/color.cfg
File: color.cfg 2016/01/02 v1.6 sample color configuration
)
Package color Info: Driver file: pdftex.def on input line 147.
) (c:/texlive/2020/texmf-dist/tex/latex/base/alltt.sty
Package: alltt 1997/06/16 v2.0g defines alltt environment
) (c:/texlive/2020/texmf-dist/tex/latex/base/fontenc.sty
Package: fontenc 2020/02/11 v2.0o Standard LaTeX package
) (c:/texlive/2020/texmf-dist/tex/latex/base/inputenc.sty
Package: inputenc 2018/08/11 v1.3c Input encoding file
\inpenc@prehook=\toks16
\inpenc@posthook=\toks17
) (c:/texlive/2020/texmf-dist/tex/latex/polski/polski.sty
Package: polski 2017/05/04 v1.3.4 Polish language package

   Inputenc package detected. Catcodes not changed.
) (c:/texlive/2020/texmf-dist/tex/latex/amsmath/amsmath.sty
Package: amsmath 2020/01/20 v2.17e AMS math features
\@mathmargin=\skip49

For additional information on amsmath, use the `?' option.
(c:/texlive/2020/texmf-dist/tex/latex/amsmath/amstext.sty
Package: amstext 2000/06/29 v2.01 AMS text
 (c:/texlive/2020/texmf-dist/tex/latex/amsmath/amsgen.sty
File: amsgen.sty 1999/11/30 v2.0 generic functions
\@emptytoks=\toks18
\ex@=\dimen137
)) (c:/texlive/2020/texmf-dist/tex/latex/amsmath/amsbsy.sty
Package: amsbsy 1999/11/29 v1.2d Bold Symbols
\pmbraise@=\dimen138
) (c:/texlive/2020/texmf-dist/tex/latex/amsmath/amsopn.sty
Package: amsopn 2016/03/08 v2.02 operator names
)
\inf@bad=\count177
LaTeX Info: Redefining \frac on input line 227.
\uproot@=\count178
\leftroot@=\count179
LaTeX Info: Redefining \overline on input line 389.
\classnum@=\count180
\DOTSCASE@=\count181
LaTeX Info: Redefining \ldots on input line 486.
LaTeX Info: Redefining \dots on input line 489.
LaTeX Info: Redefining \cdots on input line 610.
\Mathstrutbox@=\box45
\strutbox@=\box46
\big@size=\dimen139
LaTeX Font Info:    Redeclaring font encoding OML on input line 733.
LaTeX Font Info:    Redeclaring font encoding OMS on input line 734.
\macc@depth=\count182
\c@MaxMatrixCols=\count183
\dotsspace@=\muskip16
\c@parentequation=\count184
\dspbrk@lvl=\count185
\tag@help=\toks19
\row@=\count186
\column@=\count187
\maxfields@=\count188
\andhelp@=\toks20
\eqnshift@=\dimen140
\alignsep@=\dimen141
\tagshift@=\dimen142
\tagwidth@=\dimen143
\totwidth@=\dimen144
\lineht@=\dimen145
\@envbody=\toks21
\multlinegap=\skip50
\multlinetaggap=\skip51
\mathdisplay@stack=\toks22
LaTeX Info: Redefining \[ on input line 2859.
LaTeX Info: Redefining \] on input line 2860.
) (c:/texlive/2020/texmf-dist/tex/latex/amsfonts/amssymb.sty
Package: amssymb 2013/01/14 v3.01 AMS font symbols
 (c:/texlive/2020/texmf-dist/tex/latex/amsfonts/amsfonts.sty
Package: amsfonts 2013/01/14 v3.01 Basic AMSFonts support
\symAMSa=\mathgroup4
\symAMSb=\mathgroup5
LaTeX Font Info:    Redeclaring math symbol \hbar on input line 98.
LaTeX Font Info:    Overwriting math alphabet `\mathfrak' in version `bold'
(Font)                  U/euf/m/n --> U/euf/b/n on input line 106.
)) (c:/texlive/2020/texmf-dist/tex/latex/physics/physics.sty
Package: physics 
 (c:/texlive/2020/texmf-dist/tex/latex/l3packages/xparse/xparse.sty (c:/texlive/2020/texmf-dist/tex/latex/l3kernel/expl3.sty
Package: expl3 2020-09-24 L3 programming layer (loader) 
 (c:/texlive/2020/texmf-dist/tex/latex/l3backend/l3backend-pdftex.def
File: l3backend-pdftex.def 2020-09-24 L3 backend support: PDF output (pdfTeX)
\l__kernel_color_stack_int=\count189
\l__pdf_internal_box=\box47
))
Package: xparse 2020-05-15 L3 Experimental document command parser
 (c:/texlive/2020/texmf-dist/tex/latex/l3packages/xparse/xparse-generic.tex
\l__xparse_current_arg_int=\count190
\g__xparse_grabber_int=\count191
\l__xparse_m_args_int=\count192
\l__xparse_v_nesting_int=\count193
))) (c:/texlive/2020/texmf-dist/tex/latex/tools/indentfirst.sty
Package: indentfirst 1995/11/23 v1.03 Indent first paragraph (DPC)
) (c:/texlive/2020/texmf-dist/tex/latex/geometry/geometry.sty
Package: geometry 2020/01/02 v5.9 Page Geometry
 (c:/texlive/2020/texmf-dist/tex/generic/iftex/ifvtex.sty
Package: ifvtex 2019/10/25 v1.7 ifvtex legacy package. Use iftex instead.
 (c:/texlive/2020/texmf-dist/tex/generic/iftex/iftex.sty
Package: iftex 2020/03/06 v1.0d TeX engine tests
))
\Gm@cnth=\count194
\Gm@cntv=\count195
\c@Gm@tempcnt=\count196
\Gm@bindingoffset=\dimen146
\Gm@wd@mp=\dimen147
\Gm@odd@mp=\dimen148
\Gm@even@mp=\dimen149
\Gm@layoutwidth=\dimen150
\Gm@layoutheight=\dimen151
\Gm@layouthoffset=\dimen152
\Gm@layoutvoffset=\dimen153
\Gm@dimlist=\toks23
) (c:/texlive/2020/texmf-dist/tex/latex/caption/subcaption.sty
Package: subcaption 2020/08/23 v1.3g Sub-captions (AR)
 (c:/texlive/2020/texmf-dist/tex/latex/caption/caption.sty
Package: caption 2020/09/12 v3.5b Customizing captions (AR)
 (c:/texlive/2020/texmf-dist/tex/latex/caption/caption3.sty
Package: caption3 2020/09/17 v2.1b caption3 kernel (AR)
\captionmargin=\dimen154
\captionmargin@=\dimen155
\captionwidth=\dimen156
\caption@tempdima=\dimen157
\caption@indent=\dimen158
\caption@parindent=\dimen159
\caption@hangindent=\dimen160
Package caption Info: Standard document class detected.
)
\c@caption@flags=\count197
\c@continuedfloat=\count198
)
\c@subfigure=\count199
\c@subtable=\count266
) (c:/texlive/2020/texmf-dist/tex/latex/booktabs/booktabs.sty
Package: booktabs 2020/01/12 v1.61803398 Publication quality tables
\heavyrulewidth=\dimen161
\lightrulewidth=\dimen162
\cmidrulewidth=\dimen163
\belowrulesep=\dimen164
\belowbottomsep=\dimen165
\aboverulesep=\dimen166
\abovetopsep=\dimen167
\cmidrulesep=\dimen168
\cmidrulekern=\dimen169
\defaultaddspace=\dimen170
\@cmidla=\count267
\@cmidlb=\count268
\@aboverulesep=\dimen171
\@belowrulesep=\dimen172
\@thisruleclass=\count269
\@lastruleclass=\count270
\@thisrulewidth=\dimen173
) (c:/texlive/2020/texmf-dist/tex/latex/multirow/multirow.sty
Package: multirow 2019/05/31 v2.5 Span multiple rows of a table
\multirow@colwidth=\skip52
\multirow@cntb=\count271
\multirow@dima=\skip53
\bigstrutjot=\dimen174
) (c:/texlive/2020/texmf-dist/tex/latex/fancyhdr/fancyhdr.sty
Package: fancyhdr 2019/01/31 v3.10 Extensive control of page headers and footers
\f@nch@headwidth=\skip54
\f@nch@O@elh=\skip55
\f@nch@O@erh=\skip56
\f@nch@O@olh=\skip57
\f@nch@O@orh=\skip58
\f@nch@O@elf=\skip59
\f@nch@O@erf=\skip60
\f@nch@O@olf=\skip61
\f@nch@O@orf=\skip62
) (c:/texlive/2020/texmf-dist/tex/latex/titlesec/titlesec.sty
Package: titlesec 2019/10/16 v2.13 Sectioning titles
\ttl@box=\box48
\beforetitleunit=\skip63
\aftertitleunit=\skip64
\ttl@plus=\dimen175
\ttl@minus=\dimen176
\ttl@toksa=\toks24
\titlewidth=\dimen177
\titlewidthlast=\dimen178
\titlewidthfirst=\dimen179
) (c:/texlive/2020/texmf-dist/tex/latex/float/float.sty
Package: float 2001/11/08 v1.3d Float enhancements (AL)
\c@float@type=\count272
\float@exts=\toks25
\float@box=\box49
\@float@everytoks=\toks26
\@floatcapt=\box50
)
\@float@every@table=\toks27
 (c:/texlive/2020/texmf-dist/tex/latex/hyperref/hyperref.sty
Package: hyperref 2020-05-15 v7.00e Hypertext links for LaTeX
 (c:/texlive/2020/texmf-dist/tex/generic/ltxcmds/ltxcmds.sty
Package: ltxcmds 2020-05-10 v1.25 LaTeX kernel commands for general use (HO)
) (c:/texlive/2020/texmf-dist/tex/generic/pdftexcmds/pdftexcmds.sty
Package: pdftexcmds 2020-06-27 v0.33 Utility functions of pdfTeX for LuaTeX (HO)
 (c:/texlive/2020/texmf-dist/tex/generic/infwarerr/infwarerr.sty
Package: infwarerr 2019/12/03 v1.5 Providing info/warning/error messages (HO)
)
Package pdftexcmds Info: \pdf@primitive is available.
Package pdftexcmds Info: \pdf@ifprimitive is available.
Package pdftexcmds Info: \pdfdraftmode found.
) (c:/texlive/2020/texmf-dist/tex/generic/kvsetkeys/kvsetkeys.sty
Package: kvsetkeys 2019/12/15 v1.18 Key value parser (HO)
) (c:/texlive/2020/texmf-dist/tex/generic/kvdefinekeys/kvdefinekeys.sty
Package: kvdefinekeys 2019-12-19 v1.6 Define keys (HO)
) (c:/texlive/2020/texmf-dist/tex/generic/pdfescape/pdfescape.sty
Package: pdfescape 2019/12/09 v1.15 Implements pdfTeX's escape features (HO)
) (c:/texlive/2020/texmf-dist/tex/latex/hycolor/hycolor.sty
Package: hycolor 2020-01-27 v1.10 Color options for hyperref/bookmark (HO)
) (c:/texlive/2020/texmf-dist/tex/latex/letltxmacro/letltxmacro.sty
Package: letltxmacro 2019/12/03 v1.6 Let assignment for LaTeX macros (HO)
) (c:/texlive/2020/texmf-dist/tex/latex/auxhook/auxhook.sty
Package: auxhook 2019-12-17 v1.6 Hooks for auxiliary files (HO)
) (c:/texlive/2020/texmf-dist/tex/latex/kvoptions/kvoptions.sty
Package: kvoptions 2019/11/29 v3.13 Key value format for package options (HO)
)
\@linkdim=\dimen180
\Hy@linkcounter=\count273
\Hy@pagecounter=\count274
 (c:/texlive/2020/texmf-dist/tex/latex/hyperref/pd1enc.def
File: pd1enc.def 2020-05-15 v7.00e Hyperref: PDFDocEncoding definition (HO)
Now handling font encoding PD1 ...
... no UTF-8 mapping file for font encoding PD1
) (c:/texlive/2020/texmf-dist/tex/generic/intcalc/intcalc.sty
Package: intcalc 2019/12/15 v1.3 Expandable calculations with integers (HO)
) (c:/texlive/2020/texmf-dist/tex/generic/etexcmds/etexcmds.sty
Package: etexcmds 2019/12/15 v1.7 Avoid name clashes with e-TeX commands (HO)
)
\Hy@SavedSpaceFactor=\count275
Package hyperref Info: Hyper figures OFF on input line 4464.
Package hyperref Info: Link nesting OFF on input line 4469.
Package hyperref Info: Hyper index ON on input line 4472.
Package hyperref Info: Plain pages OFF on input line 4479.
Package hyperref Info: Backreferencing OFF on input line 4484.
Package hyperref Info: Implicit mode ON; LaTeX internals redefined.
Package hyperref Info: Bookmarks ON on input line 4717.
\c@Hy@tempcnt=\count276
 (c:/texlive/2020/texmf-dist/tex/latex/url/url.sty
\Urlmuskip=\muskip17
Package: url 2013/09/16  ver 3.4  Verb mode for urls, etc.
)
LaTeX Info: Redefining \url on input line 5076.
\XeTeXLinkMargin=\dimen181
 (c:/texlive/2020/texmf-dist/tex/generic/bitset/bitset.sty
Package: bitset 2019/12/09 v1.3 Handle bit-vector datatype (HO)
 (c:/texlive/2020/texmf-dist/tex/generic/bigintcalc/bigintcalc.sty
Package: bigintcalc 2019/12/15 v1.5 Expandable calculations on big integers (HO)
))
\Fld@menulength=\count277
\Field@Width=\dimen182
\Fld@charsize=\dimen183
Package hyperref Info: Hyper figures OFF on input line 6347.
Package hyperref Info: Link nesting OFF on input line 6352.
Package hyperref Info: Hyper index ON on input line 6355.
Package hyperref Info: backreferencing OFF on input line 6362.
Package hyperref Info: Link coloring OFF on input line 6367.
Package hyperref Info: Link coloring with OCG OFF on input line 6372.
Package hyperref Info: PDF/A mode OFF on input line 6377.
LaTeX Info: Redefining \ref on input line 6417.
LaTeX Info: Redefining \pageref on input line 6421.
 (c:/texlive/2020/texmf-dist/tex/generic/atbegshi/atbegshi.sty
Package: atbegshi 2019/12/05 v1.19 At begin shipout hook (HO)
)
\Hy@abspage=\count278
\c@Item=\count279
\c@Hfootnote=\count280
)
Package hyperref Info: Driver (autodetected): hpdftex.
 (c:/texlive/2020/texmf-dist/tex/latex/hyperref/hpdftex.def
File: hpdftex.def 2020-05-15 v7.00e Hyperref driver for pdfTeX
 (c:/texlive/2020/texmf-dist/tex/latex/atveryend/atveryend.sty
Package: atveryend 2019-12-11 v1.11 Hooks at the very end of document (HO)
Package atveryend Info: \enddocument detected (standard20110627).
)
\Fld@listcount=\count281
\c@bookmark@seq@number=\count282
 (c:/texlive/2020/texmf-dist/tex/latex/rerunfilecheck/rerunfilecheck.sty
Package: rerunfilecheck 2019/12/05 v1.9 Rerun checks for auxiliary files (HO)
 (c:/texlive/2020/texmf-dist/tex/generic/uniquecounter/uniquecounter.sty
Package: uniquecounter 2019/12/15 v1.4 Provide unlimited unique counter (HO)
)
Package uniquecounter Info: New unique counter `rerunfilecheck' on input line 286.
)
\Hy@SectionHShift=\skip65
) (c:/texlive/2020/texmf-dist/tex/latex/cleveref/cleveref.sty
Package: cleveref 2018/03/27 v0.21.4 Intelligent cross-referencing
Package cleveref Info: `hyperref' support loaded on input line 2370.
LaTeX Info: Redefining \cref on input line 2370.
LaTeX Info: Redefining \Cref on input line 2370.
LaTeX Info: Redefining \crefrange on input line 2370.
LaTeX Info: Redefining \Crefrange on input line 2370.
LaTeX Info: Redefining \cpageref on input line 2370.
LaTeX Info: Redefining \Cpageref on input line 2370.
LaTeX Info: Redefining \cpagerefrange on input line 2370.
LaTeX Info: Redefining \Cpagerefrange on input line 2370.
LaTeX Info: Redefining \labelcref on input line 2370.
LaTeX Info: Redefining \labelcpageref on input line 2370.
Package cleveref Info: always capitalise cross-reference names on input line 7825.
Package cleveref Info: always capitalise cross-reference names on input line 7852.
)
Package hyperref Info: Option `colorlinks' set `true' on input line 92.
 (c:/texlive/2020/texmf-dist/tex/latex/xcolor/xcolor.sty
Package: xcolor 2016/05/11 v2.12 LaTeX color extensions (UK)
 (c:/texlive/2020/texmf-dist/tex/latex/graphics-cfg/color.cfg
File: color.cfg 2016/01/02 v1.6 sample color configuration
)
Package xcolor Info: Driver file: pdftex.def on input line 225.
LaTeX Info: Redefining \color on input line 709.
Package xcolor Info: Model `cmy' substituted by `cmy0' on input line 1348.
Package xcolor Info: Model `hsb' substituted by `rgb' on input line 1352.
Package xcolor Info: Model `RGB' extended on input line 1364.
Package xcolor Info: Model `HTML' substituted by `rgb' on input line 1366.
Package xcolor Info: Model `Hsb' substituted by `hsb' on input line 1367.
Package xcolor Info: Model `tHsb' substituted by `hsb' on input line 1368.
Package xcolor Info: Model `HSB' substituted by `hsb' on input line 1369.
Package xcolor Info: Model `Gray' substituted by `gray' on input line 1370.
Package xcolor Info: Model `wave' substituted by `hsb' on input line 1371.
) (c:/texlive/2020/texmf-dist/tex/latex/tcolorbox/tcolorbox.sty
Package: tcolorbox 2020/09/17 version 4.32 text color boxes
 (c:/texlive/2020/texmf-dist/tex/latex/pgf/basiclayer/pgf.sty (c:/texlive/2020/texmf-dist/tex/latex/pgf/utilities/pgfrcs.sty (c:/texlive/2020/texmf-dist/tex/generic/pgf/utilities/pgfutil-common.tex
\pgfutil@everybye=\toks28
\pgfutil@tempdima=\dimen184
\pgfutil@tempdimb=\dimen185
 (c:/texlive/2020/texmf-dist/tex/generic/pgf/utilities/pgfutil-common-lists.tex)) (c:/texlive/2020/texmf-dist/tex/generic/pgf/utilities/pgfutil-latex.def
\pgfutil@abb=\box51
 (c:/texlive/2020/texmf-dist/tex/latex/ms/everyshi.sty
Package: everyshi 2001/05/15 v3.00 EveryShipout Package (MS)
)) (c:/texlive/2020/texmf-dist/tex/generic/pgf/utilities/pgfrcs.code.tex (c:/texlive/2020/texmf-dist/tex/generic/pgf/pgf.revision.tex)
Package: pgfrcs 2020/01/08 v3.1.5b (3.1.5b)
))
Package: pgf 2020/01/08 v3.1.5b (3.1.5b)
 (c:/texlive/2020/texmf-dist/tex/latex/pgf/basiclayer/pgfcore.sty (c:/texlive/2020/texmf-dist/tex/latex/pgf/systemlayer/pgfsys.sty (c:/texlive/2020/texmf-dist/tex/generic/pgf/systemlayer/pgfsys.code.tex
Package: pgfsys 2020/01/08 v3.1.5b (3.1.5b)
 (c:/texlive/2020/texmf-dist/tex/generic/pgf/utilities/pgfkeys.code.tex
\pgfkeys@pathtoks=\toks29
\pgfkeys@temptoks=\toks30
 (c:/texlive/2020/texmf-dist/tex/generic/pgf/utilities/pgfkeysfiltered.code.tex
\pgfkeys@tmptoks=\toks31
))
\pgf@x=\dimen186
\pgf@y=\dimen187
\pgf@xa=\dimen188
\pgf@ya=\dimen189
\pgf@xb=\dimen190
\pgf@yb=\dimen191
\pgf@xc=\dimen192
\pgf@yc=\dimen193
\pgf@xd=\dimen194
\pgf@yd=\dimen195
\w@pgf@writea=\write3
\r@pgf@reada=\read2
\c@pgf@counta=\count283
\c@pgf@countb=\count284
\c@pgf@countc=\count285
\c@pgf@countd=\count286
\t@pgf@toka=\toks32
\t@pgf@tokb=\toks33
\t@pgf@tokc=\toks34
\pgf@sys@id@count=\count287
 (c:/texlive/2020/texmf-dist/tex/generic/pgf/systemlayer/pgf.cfg
File: pgf.cfg 2020/01/08 v3.1.5b (3.1.5b)
)
Driver file for pgf: pgfsys-pdftex.def
 (c:/texlive/2020/texmf-dist/tex/generic/pgf/systemlayer/pgfsys-pdftex.def
File: pgfsys-pdftex.def 2020/01/08 v3.1.5b (3.1.5b)
 (c:/texlive/2020/texmf-dist/tex/generic/pgf/systemlayer/pgfsys-common-pdf.def
File: pgfsys-common-pdf.def 2020/01/08 v3.1.5b (3.1.5b)
))) (c:/texlive/2020/texmf-dist/tex/generic/pgf/systemlayer/pgfsyssoftpath.code.tex
File: pgfsyssoftpath.code.tex 2020/01/08 v3.1.5b (3.1.5b)
\pgfsyssoftpath@smallbuffer@items=\count288
\pgfsyssoftpath@bigbuffer@items=\count289
) (c:/texlive/2020/texmf-dist/tex/generic/pgf/systemlayer/pgfsysprotocol.code.tex
File: pgfsysprotocol.code.tex 2020/01/08 v3.1.5b (3.1.5b)
)) (c:/texlive/2020/texmf-dist/tex/generic/pgf/basiclayer/pgfcore.code.tex
Package: pgfcore 2020/01/08 v3.1.5b (3.1.5b)
 (c:/texlive/2020/texmf-dist/tex/generic/pgf/math/pgfmath.code.tex (c:/texlive/2020/texmf-dist/tex/generic/pgf/math/pgfmathcalc.code.tex (c:/texlive/2020/texmf-dist/tex/generic/pgf/math/pgfmathutil.code.tex) (c:/texlive/2020/texmf-dist/tex/generic/pgf/math/pgfmathparser.code.tex
\pgfmath@dimen=\dimen196
\pgfmath@count=\count290
\pgfmath@box=\box52
\pgfmath@toks=\toks35
\pgfmath@stack@operand=\toks36
\pgfmath@stack@operation=\toks37
) (c:/texlive/2020/texmf-dist/tex/generic/pgf/math/pgfmathfunctions.code.tex (c:/texlive/2020/texmf-dist/tex/generic/pgf/math/pgfmathfunctions.basic.code.tex) (c:/texlive/2020/texmf-dist/tex/generic/pgf/math/pgfmathfunctions.trigonometric.code.tex) (c:/texlive/2020/texmf-dist/tex/generic/pgf/math/pgfmathfunctions.random.code.tex) (c:/texlive/2020/texmf-dist/tex/generic/pgf/math/pgfmathfunctions.comparison.code.tex) (c:/texlive/2020/texmf-dist/tex/generic/pgf/math/pgfmathfunctions.base.code.tex) (c:/texlive/2020/texmf-dist/tex/generic/pgf/math/pgfmathfunctions.round.code.tex) (c:/texlive/2020/texmf-dist/tex/generic/pgf/math/pgfmathfunctions.misc.code.tex) (c:/texlive/2020/texmf-dist/tex/generic/pgf/math/pgfmathfunctions.integerarithmetics.code.tex))) (c:/texlive/2020/texmf-dist/tex/generic/pgf/math/pgfmathfloat.code.tex
\c@pgfmathroundto@lastzeros=\count291
)) (c:/texlive/2020/texmf-dist/tex/generic/pgf/math/pgfint.code.tex) (c:/texlive/2020/texmf-dist/tex/generic/pgf/basiclayer/pgfcorepoints.code.tex
File: pgfcorepoints.code.tex 2020/01/08 v3.1.5b (3.1.5b)
\pgf@picminx=\dimen197
\pgf@picmaxx=\dimen198
\pgf@picminy=\dimen199
\pgf@picmaxy=\dimen256
\pgf@pathminx=\dimen257
\pgf@pathmaxx=\dimen258
\pgf@pathminy=\dimen259
\pgf@pathmaxy=\dimen260
\pgf@xx=\dimen261
\pgf@xy=\dimen262
\pgf@yx=\dimen263
\pgf@yy=\dimen264
\pgf@zx=\dimen265
\pgf@zy=\dimen266
) (c:/texlive/2020/texmf-dist/tex/generic/pgf/basiclayer/pgfcorepathconstruct.code.tex
File: pgfcorepathconstruct.code.tex 2020/01/08 v3.1.5b (3.1.5b)
\pgf@path@lastx=\dimen267
\pgf@path@lasty=\dimen268
) (c:/texlive/2020/texmf-dist/tex/generic/pgf/basiclayer/pgfcorepathusage.code.tex
File: pgfcorepathusage.code.tex 2020/01/08 v3.1.5b (3.1.5b)
\pgf@shorten@end@additional=\dimen269
\pgf@shorten@start@additional=\dimen270
) (c:/texlive/2020/texmf-dist/tex/generic/pgf/basiclayer/pgfcorescopes.code.tex
File: pgfcorescopes.code.tex 2020/01/08 v3.1.5b (3.1.5b)
\pgfpic=\box53
\pgf@hbox=\box54
\pgf@layerbox@main=\box55
\pgf@picture@serial@count=\count292
) (c:/texlive/2020/texmf-dist/tex/generic/pgf/basiclayer/pgfcoregraphicstate.code.tex
File: pgfcoregraphicstate.code.tex 2020/01/08 v3.1.5b (3.1.5b)
\pgflinewidth=\dimen271
) (c:/texlive/2020/texmf-dist/tex/generic/pgf/basiclayer/pgfcoretransformations.code.tex
File: pgfcoretransformations.code.tex 2020/01/08 v3.1.5b (3.1.5b)
\pgf@pt@x=\dimen272
\pgf@pt@y=\dimen273
\pgf@pt@temp=\dimen274
) (c:/texlive/2020/texmf-dist/tex/generic/pgf/basiclayer/pgfcorequick.code.tex
File: pgfcorequick.code.tex 2020/01/08 v3.1.5b (3.1.5b)
) (c:/texlive/2020/texmf-dist/tex/generic/pgf/basiclayer/pgfcoreobjects.code.tex
File: pgfcoreobjects.code.tex 2020/01/08 v3.1.5b (3.1.5b)
) (c:/texlive/2020/texmf-dist/tex/generic/pgf/basiclayer/pgfcorepathprocessing.code.tex
File: pgfcorepathprocessing.code.tex 2020/01/08 v3.1.5b (3.1.5b)
) (c:/texlive/2020/texmf-dist/tex/generic/pgf/basiclayer/pgfcorearrows.code.tex
File: pgfcorearrows.code.tex 2020/01/08 v3.1.5b (3.1.5b)
\pgfarrowsep=\dimen275
) (c:/texlive/2020/texmf-dist/tex/generic/pgf/basiclayer/pgfcoreshade.code.tex
File: pgfcoreshade.code.tex 2020/01/08 v3.1.5b (3.1.5b)
\pgf@max=\dimen276
\pgf@sys@shading@range@num=\count293
\pgf@shadingcount=\count294
) (c:/texlive/2020/texmf-dist/tex/generic/pgf/basiclayer/pgfcoreimage.code.tex
File: pgfcoreimage.code.tex 2020/01/08 v3.1.5b (3.1.5b)
 (c:/texlive/2020/texmf-dist/tex/generic/pgf/basiclayer/pgfcoreexternal.code.tex
File: pgfcoreexternal.code.tex 2020/01/08 v3.1.5b (3.1.5b)
\pgfexternal@startupbox=\box56
)) (c:/texlive/2020/texmf-dist/tex/generic/pgf/basiclayer/pgfcorelayers.code.tex
File: pgfcorelayers.code.tex 2020/01/08 v3.1.5b (3.1.5b)
) (c:/texlive/2020/texmf-dist/tex/generic/pgf/basiclayer/pgfcoretransparency.code.tex
File: pgfcoretransparency.code.tex 2020/01/08 v3.1.5b (3.1.5b)
) (c:/texlive/2020/texmf-dist/tex/generic/pgf/basiclayer/pgfcorepatterns.code.tex
File: pgfcorepatterns.code.tex 2020/01/08 v3.1.5b (3.1.5b)
) (c:/texlive/2020/texmf-dist/tex/generic/pgf/basiclayer/pgfcorerdf.code.tex
File: pgfcorerdf.code.tex 2020/01/08 v3.1.5b (3.1.5b)
))) (c:/texlive/2020/texmf-dist/tex/generic/pgf/modules/pgfmoduleshapes.code.tex
File: pgfmoduleshapes.code.tex 2020/01/08 v3.1.5b (3.1.5b)
\pgfnodeparttextbox=\box57
) (c:/texlive/2020/texmf-dist/tex/generic/pgf/modules/pgfmoduleplot.code.tex
File: pgfmoduleplot.code.tex 2020/01/08 v3.1.5b (3.1.5b)
) (c:/texlive/2020/texmf-dist/tex/latex/pgf/compatibility/pgfcomp-version-0-65.sty
Package: pgfcomp-version-0-65 2020/01/08 v3.1.5b (3.1.5b)
\pgf@nodesepstart=\dimen277
\pgf@nodesepend=\dimen278
) (c:/texlive/2020/texmf-dist/tex/latex/pgf/compatibility/pgfcomp-version-1-18.sty
Package: pgfcomp-version-1-18 2020/01/08 v3.1.5b (3.1.5b)
)) (c:/texlive/2020/texmf-dist/tex/latex/tools/verbatim.sty
Package: verbatim 2019/11/10 v1.5r LaTeX2e package for verbatim enhancements
\every@verbatim=\toks38
\verbatim@line=\toks39
\verbatim@in@stream=\read3
) (c:/texlive/2020/texmf-dist/tex/latex/environ/environ.sty
Package: environ 2014/05/04 v0.3 A new way to define environments
 (c:/texlive/2020/texmf-dist/tex/latex/trimspaces/trimspaces.sty
Package: trimspaces 2009/09/17 v1.1 Trim spaces around a token list
)) (c:/texlive/2020/texmf-dist/tex/latex/etoolbox/etoolbox.sty
Package: etoolbox 2020/08/24 v2.5j e-TeX tools for LaTeX (JAW)
\etb@tempcnta=\count295
)
\tcb@titlebox=\box58
\tcb@upperbox=\box59
\tcb@lowerbox=\box60
\tcb@phantombox=\box61
\c@tcbbreakpart=\count296
\c@tcblayer=\count297
\c@tcolorbox@number=\count298
\tcb@temp=\box62
\tcb@temp=\box63
\tcb@temp=\box64
\tcb@temp=\box65
\tcb@out=\write4
\tcb@record@out=\write5
) (c:/texlive/2020/texmf-dist/tex/latex/bpchem/bpchem.sty
Package: bpchem 2004/08/21 v1.1 Chemical input helper
 (c:/texlive/2020/texmf-dist/tex/latex/tools/xspace.sty
Package: xspace 2014/10/28 v1.13 Space after command names (DPC,MH)
)
\BPClensub=\skip66
\BPClensuper=\skip67
\BPCdelta=\skip68
LaTeX Info: Redefining \| on input line 138.
LaTeX Info: Redefining \- on input line 146.
\c@BPCno=\count299
\c@BPCnoa=\count300
Package bpchem Info: using default math greek fonts on input line 213.
) (c:/texlive/2020/texmf-dist/tex/latex/epstopdf-pkg/epstopdf.sty
Package: epstopdf 2020-01-24 v2.11 Conversion with epstopdf on the fly (HO)
 (c:/texlive/2020/texmf-dist/tex/latex/grfext/grfext.sty
Package: grfext 2019/12/03 v1.3 Manage graphics extensions (HO)
) (c:/texlive/2020/texmf-dist/tex/latex/epstopdf-pkg/epstopdf-base.sty
Package: epstopdf-base 2020-01-24 v2.11 Base part for package epstopdf
Package epstopdf-base Info: Redefining graphics rule for `.eps' on input line 485.
Package grfext Info: Graphics extension search list:
(grfext)             [.pdf,.png,.jpg,.mps,.jpeg,.jbig2,.jb2,.PDF,.PNG,.JPG,.JPEG,.JBIG2,.JB2,.eps]
(grfext)             \AppendGraphicsExtensions on input line 504.
 (c:/texlive/2020/texmf-dist/tex/latex/latexconfig/epstopdf-sys.cfg
File: epstopdf-sys.cfg 2010/07/13 v1.3 Configuration of (r)epstopdf for TeX Live
))) (c:/texlive/2020/texmf-dist/tex/latex/biblatex/biblatex.sty
Package: biblatex 2020/08/23 v3.15a programmable bibliographies (PK/MW)
 (c:/texlive/2020/texmf-dist/tex/latex/logreq/logreq.sty
Package: logreq 2010/08/04 v1.0 xml request logger
\lrq@indent=\count301
 (c:/texlive/2020/texmf-dist/tex/latex/logreq/logreq.def
File: logreq.def 2010/08/04 v1.0 logreq spec v1.0
)) (c:/texlive/2020/texmf-dist/tex/latex/base/ifthen.sty
Package: ifthen 2014/09/29 v1.1c Standard LaTeX ifthen package (DPC)
)
\c@tabx@nest=\count302
\c@listtotal=\count303
\c@listcount=\count304
\c@liststart=\count305
\c@liststop=\count306
\c@citecount=\count307
\c@citetotal=\count308
\c@multicitecount=\count309
\c@multicitetotal=\count310
\c@instcount=\count311
\c@maxnames=\count312
\c@minnames=\count313
\c@maxitems=\count314
\c@minitems=\count315
\c@citecounter=\count316
\c@maxcitecounter=\count317
\c@savedcitecounter=\count318
\c@uniquelist=\count319
\c@uniquename=\count320
\c@refsection=\count321
\c@refsegment=\count322
\c@maxextratitle=\count323
\c@maxextratitleyear=\count324
\c@maxextraname=\count325
\c@maxextradate=\count326
\c@maxextraalpha=\count327
\c@abbrvpenalty=\count328
\c@highnamepenalty=\count329
\c@lownamepenalty=\count330
\c@maxparens=\count331
\c@parenlevel=\count332
\blx@tempcnta=\count333
\blx@tempcntb=\count334
\blx@tempcntc=\count335
\blx@maxsection=\count336
\blx@maxsegment@0=\count337
\blx@notetype=\count338
\blx@parenlevel@text=\count339
\blx@parenlevel@foot=\count340
\blx@sectionciteorder@0=\count341
\blx@entrysetcounter=\count342
\blx@biblioinstance=\count343
\labelnumberwidth=\skip69
\labelalphawidth=\skip70
\biblabelsep=\skip71
\bibitemsep=\skip72
\bibnamesep=\skip73
\bibinitsep=\skip74
\bibparsep=\skip75
\bibhang=\skip76
\blx@bcfin=\read4
\blx@bcfout=\write6
\blx@langwohyphens=\language86
\c@mincomprange=\count344
\c@maxcomprange=\count345
\c@mincompwidth=\count346
Package biblatex Info: Trying to load biblatex default data model...
Package biblatex Info: ... file 'blx-dm.def' found.
 (c:/texlive/2020/texmf-dist/tex/latex/biblatex/blx-dm.def
File: blx-dm.def 2020/08/23 v3.15a biblatex localization (PK/MW)
)
Package biblatex Info: Trying to load biblatex style data model...
Package biblatex Info: ... file 'numeric.dbx' not found.
Package biblatex Info: Trying to load biblatex custom data model...
Package biblatex Info: ... file 'biblatex-dm.cfg' not found.
\c@afterword=\count347
\c@savedafterword=\count348
\c@annotator=\count349
\c@savedannotator=\count350
\c@author=\count351
\c@savedauthor=\count352
\c@bookauthor=\count353
\c@savedbookauthor=\count354
\c@commentator=\count355
\c@savedcommentator=\count356
\c@editor=\count357
\c@savededitor=\count358
\c@editora=\count359
\c@savededitora=\count360
\c@editorb=\count361
\c@savededitorb=\count362
\c@editorc=\count363
\c@savededitorc=\count364
\c@foreword=\count365
\c@savedforeword=\count366
\c@holder=\count367
\c@savedholder=\count368
\c@introduction=\count369
\c@savedintroduction=\count370
\c@namea=\count371
\c@savednamea=\count372
\c@nameb=\count373
\c@savednameb=\count374
\c@namec=\count375
\c@savednamec=\count376
\c@translator=\count377
\c@savedtranslator=\count378
\c@shortauthor=\count379
\c@savedshortauthor=\count380
\c@shorteditor=\count381
\c@savedshorteditor=\count382
\c@labelname=\count383
\c@savedlabelname=\count384
\c@institution=\count385
\c@savedinstitution=\count386
\c@lista=\count387
\c@savedlista=\count388
\c@listb=\count389
\c@savedlistb=\count390
\c@listc=\count391
\c@savedlistc=\count392
\c@listd=\count393
\c@savedlistd=\count394
\c@liste=\count395
\c@savedliste=\count396
\c@listf=\count397
\c@savedlistf=\count398
\c@location=\count399
\c@savedlocation=\count400
\c@organization=\count401
\c@savedorganization=\count402
\c@origlocation=\count403
\c@savedoriglocation=\count404
\c@origpublisher=\count405
\c@savedorigpublisher=\count406
\c@publisher=\count407
\c@savedpublisher=\count408
\c@language=\count409
\c@savedlanguage=\count410
\c@origlanguage=\count411
\c@savedoriglanguage=\count412
\c@pageref=\count413
\c@savedpageref=\count414
\shorthandwidth=\skip77
\shortjournalwidth=\skip78
\shortserieswidth=\skip79
\shorttitlewidth=\skip80
\shortauthorwidth=\skip81
\shorteditorwidth=\skip82
\locallabelnumberwidth=\skip83
\locallabelalphawidth=\skip84
\localshorthandwidth=\skip85
\localshortjournalwidth=\skip86
\localshortserieswidth=\skip87
\localshorttitlewidth=\skip88
\localshortauthorwidth=\skip89
\localshorteditorwidth=\skip90
Package biblatex Info: Trying to load compatibility code...
Package biblatex Info: ... file 'blx-compat.def' found.
 (c:/texlive/2020/texmf-dist/tex/latex/biblatex/blx-compat.def
File: blx-compat.def 2020/08/23 v3.15a biblatex compatibility (PK/MW)
)
Package biblatex Info: expl3
(biblatex)             2020-09-24 L3 programming layer (loader) 
(biblatex)             is new enough (at least 2020/04/06),
(biblatex)             setting 'casechanger=expl3'.
Package biblatex Info: Trying to load expl3 case changing code...
Package biblatex Info: ... file 'blx-case-expl3.def' found.
 (c:/texlive/2020/texmf-dist/tex/latex/biblatex/blx-case-expl3.def
File: blx-case-expl3 2020/08/23 v3.15a expl3 case changing code for biblatex
)
Package biblatex Info: Trying to load generic definitions...
Package biblatex Info: ... file 'biblatex.def' found.
 (c:/texlive/2020/texmf-dist/tex/latex/biblatex/biblatex.def
File: biblatex.def 2020/08/23 v3.15a biblatex compatibility (PK/MW)
\c@textcitecount=\count415
\c@textcitetotal=\count416
\c@textcitemaxnames=\count417
\c@biburlbigbreakpenalty=\count418
\c@biburlbreakpenalty=\count419
\c@biburlnumpenalty=\count420
\c@biburlucpenalty=\count421
\c@biburllcpenalty=\count422
\biburlbigskip=\muskip18
\biburlnumskip=\muskip19
\biburlucskip=\muskip20
\biburllcskip=\muskip21
\c@smartand=\count423
)
Package biblatex Info: Trying to load bibliography style 'numeric'...
Package biblatex Info: ... file 'numeric.bbx' found.
 (c:/texlive/2020/texmf-dist/tex/latex/biblatex/bbx/numeric.bbx
File: numeric.bbx 2020/08/23 v3.15a biblatex bibliography style (PK/MW)
Package biblatex Info: Trying to load bibliography style 'standard'...
Package biblatex Info: ... file 'standard.bbx' found.
 (c:/texlive/2020/texmf-dist/tex/latex/biblatex/bbx/standard.bbx
File: standard.bbx 2020/08/23 v3.15a biblatex bibliography style (PK/MW)
\c@bbx:relatedcount=\count424
\c@bbx:relatedtotal=\count425
))
Package biblatex Info: Trying to load citation style 'numeric'...
Package biblatex Info: ... file 'numeric.cbx' found.
 (c:/texlive/2020/texmf-dist/tex/latex/biblatex/cbx/numeric.cbx
File: numeric.cbx 2020/08/23 v3.15a biblatex citation style (PK/MW)
Package biblatex Info: Redefining '\cite'.
Package biblatex Info: Redefining '\parencite'.
Package biblatex Info: Redefining '\footcite'.
Package biblatex Info: Redefining '\footcitetext'.
Package biblatex Info: Redefining '\smartcite'.
Package biblatex Info: Redefining '\supercite'.
Package biblatex Info: Redefining '\textcite'.
Package biblatex Info: Redefining '\textcites'.
Package biblatex Info: Redefining '\cites'.
Package biblatex Info: Redefining '\parencites'.
Package biblatex Info: Redefining '\smartcites'.
)
Package biblatex Info: Trying to load configuration file...
Package biblatex Info: ... file 'biblatex.cfg' found.
 (c:/texlive/2020/texmf-dist/tex/latex/biblatex/biblatex.cfg
File: biblatex.cfg 
)) (c:/texlive/2020/texmf-dist/tex/latex/siunitx/siunitx.sty
Package: siunitx 2020/02/25 v2.8b A comprehensive (SI) units package
 (c:/texlive/2020/texmf-dist/tex/latex/tools/array.sty
Package: array 2019/08/31 v2.4l Tabular extension package (FMi)
\col@sep=\dimen279
\ar@mcellbox=\box66
\extrarowheight=\dimen280
\NC@list=\toks40
\extratabsurround=\skip91
\backup@length=\skip92
\ar@cellbox=\box67
) (c:/texlive/2020/texmf-dist/tex/latex/l3packages/l3keys2e/l3keys2e.sty
Package: l3keys2e 2020-05-15 LaTeX2e option processing using LaTeX3 keys
)
\l__siunitx_tmp_box=\box68
\l__siunitx_tmp_dim=\dimen281
\l__siunitx_tmp_int=\count426
\l__siunitx_number_mantissa_length_int=\count427
\l__siunitx_number_uncert_length_int=\count428
\l__siunitx_round_int=\count429
\l__siunitx_process_decimal_int=\count430
\l__siunitx_process_uncertainty_int=\count431
\l__siunitx_process_fixed_int=\count432
\l__siunitx_process_integer_min_int=\count433
\l__siunitx_process_precision_int=\count434
\l__siunitx_group_min_int=\count435
\l__siunitx_angle_marker_box=\box69
\l__siunitx_angle_unit_box=\box70
\l__siunitx_angle_marker_dim=\dimen282
\l__siunitx_angle_unit_dim=\dimen283
\l__siunitx_unit_int=\count436
\l__siunitx_unit_denominator_int=\count437
\l__siunitx_unit_numerator_int=\count438
\l__siunitx_unit_prefix_int=\count439
\l__siunitx_unit_prefix_base_int=\count440
\l__siunitx_unit_prefix_gram_int=\count441
\l__siunitx_number_product_int=\count442
\c__siunitx_one_fill_skip=\skip93
\l__siunitx_table_unit_align_skip=\skip94
\l__siunitx_table_exponent_dim=\dimen284
\l__siunitx_table_integer_dim=\dimen285
\l__siunitx_table_mantissa_dim=\dimen286
\l__siunitx_table_marker_dim=\dimen287
\l__siunitx_table_result_dim=\dimen288
\l__siunitx_table_uncert_dim=\dimen289
\l__siunitx_table_fill_pre_dim=\dimen290
\l__siunitx_table_fill_post_dim=\dimen291
\l__siunitx_table_fill_mid_dim=\dimen292
\l__siunitx_table_pre_box=\box71
\l__siunitx_table_post_box=\box72
\l__siunitx_table_mantissa_box=\box73
\l__siunitx_table_result_box=\box74
\l__siunitx_table_number_align_skip=\skip95
\l__siunitx_table_text_align_skip=\skip96
 (c:/texlive/2020/texmf-dist/tex/latex/translator/translator.sty
Package: translator 2020-08-03 v1.12c Easy translation of strings in LaTeX
))
\@quotelevel=\count443
\@quotereset=\count444
 (d:/Desktop/InProgress/SemestrVI/Semiconductors/code/report/main.aux

LaTeX Warning: Label `fig:ter_alc1' multiply defined.


LaTeX Warning: Label `fig:ter_alc1@cref' multiply defined.

)
\openout1 = `main.aux'.

LaTeX Font Info:    Checking defaults for OML/cmm/m/it on input line 129.
LaTeX Font Info:    ... okay on input line 129.
LaTeX Font Info:    Checking defaults for OMS/cmsy/m/n on input line 129.
LaTeX Font Info:    ... okay on input line 129.
LaTeX Font Info:    Checking defaults for OT1/cmr/m/n on input line 129.
LaTeX Font Info:    ... okay on input line 129.
LaTeX Font Info:    Checking defaults for T1/cmr/m/n on input line 129.
LaTeX Font Info:    ... okay on input line 129.
LaTeX Font Info:    Checking defaults for TS1/cmr/m/n on input line 129.
LaTeX Font Info:    ... okay on input line 129.
LaTeX Font Info:    Checking defaults for OMX/cmex/m/n on input line 129.
LaTeX Font Info:    ... okay on input line 129.
LaTeX Font Info:    Checking defaults for U/cmr/m/n on input line 129.
LaTeX Font Info:    ... okay on input line 129.
LaTeX Font Info:    Checking defaults for PD1/pdf/m/n on input line 129.
LaTeX Font Info:    ... okay on input line 129.
LaTeX Font Info:    Trying to load font information for T1+ptm on input line 129.
 (c:/texlive/2020/texmf-dist/tex/latex/psnfss/t1ptm.fd
File: t1ptm.fd 2001/06/04 font definitions for T1/ptm.
) (c:/texlive/2020/texmf-dist/tex/context/base/mkii/supp-pdf.mkii
[Loading MPS to PDF converter (version 2006.09.02).]
\scratchcounter=\count445
\scratchdimen=\dimen293
\scratchbox=\box75
\nofMPsegments=\count446
\nofMParguments=\count447
\everyMPshowfont=\toks41
\MPscratchCnt=\count448
\MPscratchDim=\dimen294
\MPnumerator=\count449
\makeMPintoPDFobject=\count450
\everyMPtoPDFconversion=\toks42
)
*geometry* driver: auto-detecting
*geometry* detected driver: pdftex
*geometry* verbose mode - [ preamble ] result:
* driver: pdftex
* paper: a4paper
* layout: <same size as paper>
* layoutoffset:(h,v)=(0.0pt,0.0pt)
* modes: twoside 
* h-part:(L,W,R)=(70.0pt, 457.50787pt, 70.0pt)
* v-part:(T,H,B)=(50.0pt, 735.04684pt, 60.0pt)
* \paperwidth=597.50787pt
* \paperheight=845.04684pt
* \textwidth=457.50787pt
* \textheight=735.04684pt
* \oddsidemargin=-2.26999pt
* \evensidemargin=-2.26999pt
* \topmargin=-54.14378pt
* \headheight=12.0pt
* \headsep=19.8738pt
* \topskip=12.0pt
* \footskip=30.0pt
* \marginparwidth=88.0pt
* \marginparsep=7.0pt
* \columnsep=10.0pt
* \skip\footins=10.8pt plus 4.0pt minus 2.0pt
* \hoffset=0.0pt
* \voffset=0.0pt
* \mag=1000
* \@twocolumnfalse
* \@twosidetrue
* \@mparswitchtrue
* \@reversemarginfalse
* (1in=72.27pt=25.4mm, 1cm=28.453pt)

Package caption Info: Begin \AtBeginDocument code.
Package caption Info: float package is loaded.
Package caption Info: hyperref package is loaded.
Package caption Info: End \AtBeginDocument code.
\AtBeginShipoutBox=\box76
Package hyperref Info: Link coloring ON on input line 129.
(c:/texlive/2020/texmf-dist/tex/latex/hyperref/nameref.sty
Package: nameref 2019/09/16 v2.46 Cross-referencing by name of section
 (c:/texlive/2020/texmf-dist/tex/latex/refcount/refcount.sty
Package: refcount 2019/12/15 v3.6 Data extraction from label references (HO)
) (c:/texlive/2020/texmf-dist/tex/generic/gettitlestring/gettitlestring.sty
Package: gettitlestring 2019/12/15 v1.6 Cleanup title references (HO)
)
\c@section@level=\count451
)
LaTeX Info: Redefining \ref on input line 129.
LaTeX Info: Redefining \pageref on input line 129.
LaTeX Info: Redefining \nameref on input line 129.
 (d:/Desktop/InProgress/SemestrVI/Semiconductors/code/report/main.out) (d:/Desktop/InProgress/SemestrVI/Semiconductors/code/report/main.out)
\@outlinefile=\write7
\openout7 = `main.out'.

 ABD: EveryShipout initializing macros
Package biblatex Info: Trying to load language 'english'...
Package biblatex Info: ... file 'english.lbx' found.
 (c:/texlive/2020/texmf-dist/tex/latex/biblatex/lbx/english.lbx
File: english.lbx 2020/08/23 v3.15a biblatex localization (PK/MW)
)
Package biblatex Info: Input encoding 'utf8' detected.
Package biblatex Info: Automatic encoding selection.
(biblatex)             Assuming data encoding 'utf8'.
\openout6 = `main.bcf'.

Package biblatex Info: Trying to load bibliographic data...
Package biblatex Info: ... file 'main.bbl' found.
 (d:/Desktop/InProgress/SemestrVI/Semiconductors/code/report/main.bbl)
Package biblatex Info: Reference section=0 on input line 129.
Package biblatex Info: Reference segment=0 on input line 129.
 (c:/texlive/2020/texmf-dist/tex/latex/translator/translator-basic-dictionary-English.dict
Dictionary: translator-basic-dictionary, Language: English 
) (c:/texlive/2020/texmf-dist/tex/latex/siunitx/siunitx-abbreviations.cfg
File: siunitx-abbreviations.cfg 2017/11/26 v2.7k siunitx: Abbreviated units
)
LaTeX Font Info:    Trying to load font information for U+msa on input line 129.
 (c:/texlive/2020/texmf-dist/tex/latex/amsfonts/umsa.fd
File: umsa.fd 2013/01/14 v3.01 AMS symbols A
)
LaTeX Font Info:    Trying to load font information for U+msb on input line 129.
 (c:/texlive/2020/texmf-dist/tex/latex/amsfonts/umsb.fd
File: umsb.fd 2013/01/14 v3.01 AMS symbols B
)
LaTeX Font Info:    Trying to load font information for T1+cmtt on input line 153.
 (c:/texlive/2020/texmf-dist/tex/latex/base/t1cmtt.fd
File: t1cmtt.fd 2019/12/16 v2.5j Standard LaTeX font definitions
)
<Figures/pwr.png, id=67, 503.481pt x 107.4414pt>
File: Figures/pwr.png Graphic file (type png)
<use Figures/pwr.png>
Package pdftex.def Info: Figures/pwr.png  used on input line 163.
(pdftex.def)             Requested size: 457.50787pt x 97.63246pt.
 [1




{c:/texlive/2020/texmf-var/fonts/map/pdftex/updmap/pdftex.map} <d:/Desktop/InProgress/SemestrVI/Semiconductors/code/report/Figures/pwr.png>] (d:/Desktop/InProgress/SemestrVI/Semiconductors/code/report/main.toc)
\tf@toc=\write8
\openout8 = `main.toc'.

 (d:/Desktop/InProgress/SemestrVI/Semiconductors/code/report/main.lof
Overfull \hbox (1.93298pt too wide) in paragraph at lines 7--7
 [][] [][][]\T1/ptm/m/n/12 Przekrój po-przecz-ny przez prób-k¦. Pa-ra-me-try sie-cio-we war-stwy wzro-sto-wej oraz 
 []

[2]
Overfull \hbox (52.93216pt too wide) in paragraph at lines 13--13
 [][] [][][]\T1/ptm/m/n/12 Rysnek przed-sta-wia-j¡-cy ener-gie wszyst-kich pasm ra-zem, dla ma-te-ria-ªu Al$[]$Ga$[]$As$[]$Sb$[]$. 
 []


Overfull \hbox (19.20049pt too wide) in paragraph at lines 15--15
 \T1/ptm/m/n/12 r¦. od-ksztaª-ce-nia zo-sta-ªy uwzgl¦d-nio-ne. Skªa-dy ma-te-ria-ªu B: (a) Al$[]$Ga$[]$As$[]$Sb$[]$, 
 []

)
\tf@lof=\write9
\openout9 = `main.lof'.

 [3]
Rozdzia\PlPrIeC {\l } 1.
LaTeX Font Info:    Trying to load font information for TS1+ptm on input line 203.
(c:/texlive/2020/texmf-dist/tex/latex/psnfss/ts1ptm.fd
File: ts1ptm.fd 2001/06/04 font definitions for TS1/ptm.
)
Underfull \hbox (badness 10000) in paragraph at lines 201--205

 []

[1

]
Rozdzia\PlPrIeC {\l } 2.
[2]
Underfull \hbox (badness 10000) in paragraph at lines 295--300

 []


Underfull \hbox (badness 10000) in paragraph at lines 368--370

 []

<Figures/ternary/Eg_alc.pdf, id=257, 462.52798pt x 346.89601pt>
File: Figures/ternary/Eg_alc.pdf Graphic file (type pdf)
<use Figures/ternary/Eg_alc.pdf>
Package pdftex.def Info: Figures/ternary/Eg_alc.pdf  used on input line 373.
(pdftex.def)             Requested size: 366.00769pt x 274.52122pt.
[3] [4 <d:/Desktop/InProgress/SemestrVI/Semiconductors/code/report/Figures/ternary/Eg_alc.pdf>]
Underfull \hbox (badness 10000) in paragraph at lines 378--379

 []


Package hyperref Warning: Token not allowed in a PDF string (PDFDocEncoding):
(hyperref)                removing `math shift' on input line 387.


Package hyperref Warning: Token not allowed in a PDF string (PDFDocEncoding):
(hyperref)                removing `math shift' on input line 387.

<Figures/quaternary/quat_eg_x.pdf, id=332, 462.52798pt x 346.89601pt>
File: Figures/quaternary/quat_eg_x.pdf Graphic file (type pdf)
<use Figures/quaternary/quat_eg_x.pdf>
Package pdftex.def Info: Figures/quaternary/quat_eg_x.pdf  used on input line 395.
(pdftex.def)             Requested size: 228.75394pt x 171.56848pt.
<Figures/quaternary/quat_vbo_x.pdf, id=333, 462.52798pt x 346.89601pt>
File: Figures/quaternary/quat_vbo_x.pdf Graphic file (type pdf)
<use Figures/quaternary/quat_vbo_x.pdf>
Package pdftex.def Info: Figures/quaternary/quat_vbo_x.pdf  used on input line 398.
(pdftex.def)             Requested size: 228.75394pt x 171.56848pt.

Overfull \hbox (14.28003pt too wide) in paragraph at lines 394--400
[][] [] 
 []

<Figures/quaternary/quat_delta_so_x.pdf, id=334, 462.52798pt x 346.89601pt>
File: Figures/quaternary/quat_delta_so_x.pdf Graphic file (type pdf)
<use Figures/quaternary/quat_delta_so_x.pdf>
Package pdftex.def Info: Figures/quaternary/quat_delta_so_x.pdf  used on input line 402.
(pdftex.def)             Requested size: 228.75394pt x 171.56848pt.
<Figures/quaternary/quat_alc_x.pdf, id=335, 462.52798pt x 346.89601pt>
File: Figures/quaternary/quat_alc_x.pdf Graphic file (type pdf)
<use Figures/quaternary/quat_alc_x.pdf>
Package pdftex.def Info: Figures/quaternary/quat_alc_x.pdf  used on input line 405.
(pdftex.def)             Requested size: 228.75394pt x 171.56848pt.

Overfull \hbox (14.28003pt too wide) in paragraph at lines 401--407
[][] [] 
 []

<Figures/quaternary/quat_m_hh_x.pdf, id=336, 462.52798pt x 346.89601pt>
File: Figures/quaternary/quat_m_hh_x.pdf Graphic file (type pdf)
<use Figures/quaternary/quat_m_hh_x.pdf>
Package pdftex.def Info: Figures/quaternary/quat_m_hh_x.pdf  used on input line 409.
(pdftex.def)             Requested size: 228.75394pt x 171.56848pt.
<Figures/quaternary/quat_m_lh_x.pdf, id=337, 462.52798pt x 346.89601pt>
File: Figures/quaternary/quat_m_lh_x.pdf Graphic file (type pdf)
<use Figures/quaternary/quat_m_lh_x.pdf>
Package pdftex.def Info: Figures/quaternary/quat_m_lh_x.pdf  used on input line 412.
(pdftex.def)             Requested size: 228.75394pt x 171.56848pt.

Overfull \hbox (14.28003pt too wide) in paragraph at lines 408--414
[][] [] 
 []

<Figures/quaternary/quat_m_e_x.pdf, id=338, 462.52798pt x 346.89601pt>
File: Figures/quaternary/quat_m_e_x.pdf Graphic file (type pdf)
<use Figures/quaternary/quat_m_e_x.pdf>
Package pdftex.def Info: Figures/quaternary/quat_m_e_x.pdf  used on input line 417.
(pdftex.def)             Requested size: 228.75394pt x 171.56848pt.

Package caption Warning: The option `hypcap=true' will be ignored for this
(caption)                particular \caption on input line 420.
See the caption package documentation for explanation.

[5 <d:/Desktop/InProgress/SemestrVI/Semiconductors/code/report/Figures/quaternary/quat_eg_x.pdf> <d:/Desktop/InProgress/SemestrVI/Semiconductors/code/report/Figures/quaternary/quat_vbo_x.pdf

pdfTeX warning: pdflatex.exe (file d:/Desktop/InProgress/SemestrVI/Semiconductors/code/report/Figures/quaternary/quat_vbo_x.pdf): PDF inclusion: multiple pdfs with page group included in a single page
> <d:/Desktop/InProgress/SemestrVI/Semiconductors/code/report/Figures/quaternary/quat_delta_so_x.pdf

pdfTeX warning: pdflatex.exe (file d:/Desktop/InProgress/SemestrVI/Semiconductors/code/report/Figures/quaternary/quat_delta_so_x.pdf): PDF inclusion: multiple pdfs with page group included in a single page
> <d:/Desktop/InProgress/SemestrVI/Semiconductors/code/report/Figures/quaternary/quat_alc_x.pdf

pdfTeX warning: pdflatex.exe (file d:/Desktop/InProgress/SemestrVI/Semiconductors/code/report/Figures/quaternary/quat_alc_x.pdf): PDF inclusion: multiple pdfs with page group included in a single page
> <d:/Desktop/InProgress/SemestrVI/Semiconductors/code/report/Figures/quaternary/quat_m_hh_x.pdf

pdfTeX warning: pdflatex.exe (file d:/Desktop/InProgress/SemestrVI/Semiconductors/code/report/Figures/quaternary/quat_m_hh_x.pdf): PDF inclusion: multiple pdfs with page group included in a single page
> <d:/Desktop/InProgress/SemestrVI/Semiconductors/code/report/Figures/quaternary/quat_m_lh_x.pdf

pdfTeX warning: pdflatex.exe (file d:/Desktop/InProgress/SemestrVI/Semiconductors/code/report/Figures/quaternary/quat_m_lh_x.pdf): PDF inclusion: multiple pdfs with page group included in a single page
>]

Package hyperref Warning: Token not allowed in a PDF string (PDFDocEncoding):
(hyperref)                removing `math shift' on input line 423.


Package hyperref Warning: Token not allowed in a PDF string (PDFDocEncoding):
(hyperref)                removing `math shift' on input line 423.

<Figures/quaternary/quat_eg_y.pdf, id=600, 462.52798pt x 346.89601pt>
File: Figures/quaternary/quat_eg_y.pdf Graphic file (type pdf)
<use Figures/quaternary/quat_eg_y.pdf>
Package pdftex.def Info: Figures/quaternary/quat_eg_y.pdf  used on input line 431.
(pdftex.def)             Requested size: 228.75394pt x 171.56848pt.
<Figures/quaternary/quat_vbo_y.pdf, id=601, 462.52798pt x 346.89601pt>
File: Figures/quaternary/quat_vbo_y.pdf Graphic file (type pdf)
<use Figures/quaternary/quat_vbo_y.pdf>
Package pdftex.def Info: Figures/quaternary/quat_vbo_y.pdf  used on input line 434.
(pdftex.def)             Requested size: 228.75394pt x 171.56848pt.

Overfull \hbox (14.28003pt too wide) in paragraph at lines 430--436
[][] [] 
 []

<Figures/quaternary/quat_delta_so_y.pdf, id=602, 462.52798pt x 346.89601pt>
File: Figures/quaternary/quat_delta_so_y.pdf Graphic file (type pdf)
<use Figures/quaternary/quat_delta_so_y.pdf>
Package pdftex.def Info: Figures/quaternary/quat_delta_so_y.pdf  used on input line 438.
(pdftex.def)             Requested size: 228.75394pt x 171.56848pt.
<Figures/quaternary/quat_alc_y.pdf, id=603, 462.52798pt x 346.89601pt>
File: Figures/quaternary/quat_alc_y.pdf Graphic file (type pdf)
<use Figures/quaternary/quat_alc_y.pdf>
Package pdftex.def Info: Figures/quaternary/quat_alc_y.pdf  used on input line 441.
(pdftex.def)             Requested size: 228.75394pt x 171.56848pt.

Overfull \hbox (14.28003pt too wide) in paragraph at lines 437--443
[][] [] 
 []

<Figures/quaternary/quat_m_hh_y.pdf, id=604, 462.52798pt x 346.89601pt>
File: Figures/quaternary/quat_m_hh_y.pdf Graphic file (type pdf)
<use Figures/quaternary/quat_m_hh_y.pdf>
Package pdftex.def Info: Figures/quaternary/quat_m_hh_y.pdf  used on input line 445.
(pdftex.def)             Requested size: 228.75394pt x 171.56848pt.
<Figures/quaternary/quat_m_lh_y.pdf, id=605, 462.52798pt x 346.89601pt>
File: Figures/quaternary/quat_m_lh_y.pdf Graphic file (type pdf)
<use Figures/quaternary/quat_m_lh_y.pdf>
Package pdftex.def Info: Figures/quaternary/quat_m_lh_y.pdf  used on input line 448.
(pdftex.def)             Requested size: 228.75394pt x 171.56848pt.

Overfull \hbox (14.28003pt too wide) in paragraph at lines 444--450
[][] [] 
 []

[6 <d:/Desktop/InProgress/SemestrVI/Semiconductors/code/report/Figures/quaternary/quat_m_e_x.pdf> <d:/Desktop/InProgress/SemestrVI/Semiconductors/code/report/Figures/quaternary/quat_eg_y.pdf

pdfTeX warning: pdflatex.exe (file d:/Desktop/InProgress/SemestrVI/Semiconductors/code/report/Figures/quaternary/quat_eg_y.pdf): PDF inclusion: multiple pdfs with page group included in a single page
> <d:/Desktop/InProgress/SemestrVI/Semiconductors/code/report/Figures/quaternary/quat_vbo_y.pdf

pdfTeX warning: pdflatex.exe (file d:/Desktop/InProgress/SemestrVI/Semiconductors/code/report/Figures/quaternary/quat_vbo_y.pdf): PDF inclusion: multiple pdfs with page group included in a single page
> <d:/Desktop/InProgress/SemestrVI/Semiconductors/code/report/Figures/quaternary/quat_delta_so_y.pdf

pdfTeX warning: pdflatex.exe (file d:/Desktop/InProgress/SemestrVI/Semiconductors/code/report/Figures/quaternary/quat_delta_so_y.pdf): PDF inclusion: multiple pdfs with page group included in a single page
> <d:/Desktop/InProgress/SemestrVI/Semiconductors/code/report/Figures/quaternary/quat_alc_y.pdf

pdfTeX warning: pdflatex.exe (file d:/Desktop/InProgress/SemestrVI/Semiconductors/code/report/Figures/quaternary/quat_alc_y.pdf): PDF inclusion: multiple pdfs with page group included in a single page
>]
<Figures/quaternary/quat_m_e_y.pdf, id=817, 462.52798pt x 346.89601pt>
File: Figures/quaternary/quat_m_e_y.pdf Graphic file (type pdf)
<use Figures/quaternary/quat_m_e_y.pdf>
Package pdftex.def Info: Figures/quaternary/quat_m_e_y.pdf  used on input line 453.
(pdftex.def)             Requested size: 228.75394pt x 171.56848pt.


Package caption Warning: The option `hypcap=true' will be ignored for this
(caption)                particular \caption on input line 456.
See the caption package documentation for explanation.

<Figures/strain.jpg, id=818, 199.10146pt x 122.04536pt>
File: Figures/strain.jpg Graphic file (type jpg)
<use Figures/strain.jpg>
Package pdftex.def Info: Figures/strain.jpg  used on input line 484.
(pdftex.def)             Requested size: 320.2541pt x 196.31567pt.
[7 <d:/Desktop/InProgress/SemestrVI/Semiconductors/code/report/Figures/quaternary/quat_m_hh_y.pdf> <d:/Desktop/InProgress/SemestrVI/Semiconductors/code/report/Figures/quaternary/quat_m_lh_y.pdf

pdfTeX warning: pdflatex.exe (file d:/Desktop/InProgress/SemestrVI/Semiconductors/code/report/Figures/quaternary/quat_m_lh_y.pdf): PDF inclusion: multiple pdfs with page group included in a single page
> <d:/Desktop/InProgress/SemestrVI/Semiconductors/code/report/Figures/quaternary/quat_m_e_y.pdf

pdfTeX warning: pdflatex.exe (file d:/Desktop/InProgress/SemestrVI/Semiconductors/code/report/Figures/quaternary/quat_m_e_y.pdf): PDF inclusion: multiple pdfs with page group included in a single page
>]
<Figures/strain/ter_alc1.pdf, id=968, 462.52798pt x 346.89601pt>
File: Figures/strain/ter_alc1.pdf Graphic file (type pdf)
<use Figures/strain/ter_alc1.pdf>
Package pdftex.def Info: Figures/strain/ter_alc1.pdf  used on input line 526.
(pdftex.def)             Requested size: 228.75394pt x 171.56848pt.
<Figures/strain/ter_eg1.pdf, id=969, 462.52798pt x 346.89601pt>
File: Figures/strain/ter_eg1.pdf Graphic file (type pdf)
<use Figures/strain/ter_eg1.pdf>
Package pdftex.def Info: Figures/strain/ter_eg1.pdf  used on input line 529.
(pdftex.def)             Requested size: 228.75394pt x 171.56848pt.

Overfull \hbox (14.28003pt too wide) in paragraph at lines 525--531
[][] [] 
 []

[8 <d:/Desktop/InProgress/SemestrVI/Semiconductors/code/report/Figures/strain.jpg>]
<Figures/strain/ter_alc2.pdf, id=977, 462.52798pt x 346.89601pt>
File: Figures/strain/ter_alc2.pdf Graphic file (type pdf)
<use Figures/strain/ter_alc2.pdf>
Package pdftex.def Info: Figures/strain/ter_alc2.pdf  used on input line 533.
(pdftex.def)             Requested size: 228.75394pt x 171.56848pt.
<Figures/strain/ter_eg2.pdf, id=978, 462.52798pt x 346.89601pt>
File: Figures/strain/ter_eg2.pdf Graphic file (type pdf)
<use Figures/strain/ter_eg2.pdf>
Package pdftex.def Info: Figures/strain/ter_eg2.pdf  used on input line 536.
(pdftex.def)             Requested size: 228.75394pt x 171.56848pt.

Overfull \hbox (14.28003pt too wide) in paragraph at lines 532--538
[][] [] 
 []


Package caption Warning: The option `hypcap=true' will be ignored for this
(caption)                particular \caption on input line 540.
See the caption package documentation for explanation.


Overfull \hbox (0.92413pt too wide) in paragraph at lines 543--547
[]\T1/ptm/m/n/12 Znaj¡c za-le»-no±¢ tem-pe-ra-tu-ro-w¡ sto-pu czte-ro-skªad-ni-ko-we-go oraz pod-ªo-»a po-li-czo-no od-ksztaª-
 []


Overfull \hbox (12.73985pt too wide) in paragraph at lines 557--561
\T1/ptm/m/n/12 czte-ro-skªad-ni-ko-we-go. Przyj-mu-je-my, »e nasz ma-te-riaª ma wzór ste-chio-me-trycz-ny Al$[]$Ga$[]$As$[]$Sb$[]$. 
 []

<Figures/strain/alc1.pdf, id=979, 462.52798pt x 346.89601pt>
File: Figures/strain/alc1.pdf Graphic file (type pdf)
<use Figures/strain/alc1.pdf>
Package pdftex.def Info: Figures/strain/alc1.pdf  used on input line 563.
(pdftex.def)             Requested size: 205.87714pt x 154.40793pt.
<Figures/strain/eg1.pdf, id=980, 462.52798pt x 346.89601pt>
File: Figures/strain/eg1.pdf Graphic file (type pdf)
<use Figures/strain/eg1.pdf>
Package pdftex.def Info: Figures/strain/eg1.pdf  used on input line 566.
(pdftex.def)             Requested size: 205.87714pt x 154.40793pt.

Overfull \hbox (14.28003pt too wide) in paragraph at lines 562--568
[][] [] 
 []

[9 <d:/Desktop/InProgress/SemestrVI/Semiconductors/code/report/Figures/strain/ter_alc1.pdf> <d:/Desktop/InProgress/SemestrVI/Semiconductors/code/report/Figures/strain/ter_eg1.pdf

pdfTeX warning: pdflatex.exe (file d:/Desktop/InProgress/SemestrVI/Semiconductors/code/report/Figures/strain/ter_eg1.pdf): PDF inclusion: multiple pdfs with page group included in a single page
> <d:/Desktop/InProgress/SemestrVI/Semiconductors/code/report/Figures/strain/ter_alc2.pdf

pdfTeX warning: pdflatex.exe (file d:/Desktop/InProgress/SemestrVI/Semiconductors/code/report/Figures/strain/ter_alc2.pdf): PDF inclusion: multiple pdfs with page group included in a single page
> <d:/Desktop/InProgress/SemestrVI/Semiconductors/code/report/Figures/strain/ter_eg2.pdf

pdfTeX warning: pdflatex.exe (file d:/Desktop/InProgress/SemestrVI/Semiconductors/code/report/Figures/strain/ter_eg2.pdf): PDF inclusion: multiple pdfs with page group included in a single page
>]
<Figures/strain/eps_orth1.pdf, id=1144, 462.52798pt x 346.89601pt>
File: Figures/strain/eps_orth1.pdf Graphic file (type pdf)
<use Figures/strain/eps_orth1.pdf>
Package pdftex.def Info: Figures/strain/eps_orth1.pdf  used on input line 570.
(pdftex.def)             Requested size: 205.87714pt x 154.40793pt.
<Figures/strain/eps_par1.pdf, id=1145, 462.52798pt x 346.89601pt>
File: Figures/strain/eps_par1.pdf Graphic file (type pdf)
<use Figures/strain/eps_par1.pdf>
Package pdftex.def Info: Figures/strain/eps_par1.pdf  used on input line 573.
(pdftex.def)             Requested size: 205.87714pt x 154.40793pt.

Overfull \hbox (14.28003pt too wide) in paragraph at lines 569--575
[][] [] 
 []


Package caption Warning: The option `hypcap=true' will be ignored for this
(caption)                particular \caption on input line 577.
See the caption package documentation for explanation.

<Figures/strain/alc2.pdf, id=1146, 462.52798pt x 346.89601pt>
File: Figures/strain/alc2.pdf Graphic file (type pdf)
<use Figures/strain/alc2.pdf>
Package pdftex.def Info: Figures/strain/alc2.pdf  used on input line 581.
(pdftex.def)             Requested size: 205.87714pt x 154.40793pt.
<Figures/strain/eg2.pdf, id=1147, 462.52798pt x 346.89601pt>
File: Figures/strain/eg2.pdf Graphic file (type pdf)
<use Figures/strain/eg2.pdf>
Package pdftex.def Info: Figures/strain/eg2.pdf  used on input line 584.
(pdftex.def)             Requested size: 205.87714pt x 154.40793pt.

Overfull \hbox (14.28003pt too wide) in paragraph at lines 580--586
[][] [] 
 []

<Figures/strain/eps_orth2.pdf, id=1148, 462.52798pt x 346.89601pt>
File: Figures/strain/eps_orth2.pdf Graphic file (type pdf)
<use Figures/strain/eps_orth2.pdf>
Package pdftex.def Info: Figures/strain/eps_orth2.pdf  used on input line 588.
(pdftex.def)             Requested size: 205.87714pt x 154.40793pt.
<Figures/strain/eps_par2.pdf, id=1149, 462.52798pt x 346.89601pt>
File: Figures/strain/eps_par2.pdf Graphic file (type pdf)
<use Figures/strain/eps_par2.pdf>
Package pdftex.def Info: Figures/strain/eps_par2.pdf  used on input line 591.
(pdftex.def)             Requested size: 205.87714pt x 154.40793pt.

Overfull \hbox (14.28003pt too wide) in paragraph at lines 587--593
[][] [] 
 []


Package caption Warning: The option `hypcap=true' will be ignored for this
(caption)                particular \caption on input line 594.
See the caption package documentation for explanation.

[10 <d:/Desktop/InProgress/SemestrVI/Semiconductors/code/report/Figures/strain/alc1.pdf> <d:/Desktop/InProgress/SemestrVI/Semiconductors/code/report/Figures/strain/eg1.pdf

pdfTeX warning: pdflatex.exe (file d:/Desktop/InProgress/SemestrVI/Semiconductors/code/report/Figures/strain/eg1.pdf): PDF inclusion: multiple pdfs with page group included in a single page
> <d:/Desktop/InProgress/SemestrVI/Semiconductors/code/report/Figures/strain/eps_orth1.pdf

pdfTeX warning: pdflatex.exe (file d:/Desktop/InProgress/SemestrVI/Semiconductors/code/report/Figures/strain/eps_orth1.pdf): PDF inclusion: multiple pdfs with page group included in a single page
> <d:/Desktop/InProgress/SemestrVI/Semiconductors/code/report/Figures/strain/eps_par1.pdf

pdfTeX warning: pdflatex.exe (file d:/Desktop/InProgress/SemestrVI/Semiconductors/code/report/Figures/strain/eps_par1.pdf): PDF inclusion: multiple pdfs with page group included in a single page
> <d:/Desktop/InProgress/SemestrVI/Semiconductors/code/report/Figures/strain/alc2.pdf

pdfTeX warning: pdflatex.exe (file d:/Desktop/InProgress/SemestrVI/Semiconductors/code/report/Figures/strain/alc2.pdf): PDF inclusion: multiple pdfs with page group included in a single page
> <d:/Desktop/InProgress/SemestrVI/Semiconductors/code/report/Figures/strain/eg2.pdf

pdfTeX warning: pdflatex.exe (file d:/Desktop/InProgress/SemestrVI/Semiconductors/code/report/Figures/strain/eg2.pdf): PDF inclusion: multiple pdfs with page group included in a single page
> <d:/Desktop/InProgress/SemestrVI/Semiconductors/code/report/Figures/strain/eps_orth2.pdf

pdfTeX warning: pdflatex.exe (file d:/Desktop/InProgress/SemestrVI/Semiconductors/code/report/Figures/strain/eps_orth2.pdf): PDF inclusion: multiple pdfs with page group included in a single page
> <d:/Desktop/InProgress/SemestrVI/Semiconductors/code/report/Figures/strain/eps_par2.pdf

pdfTeX warning: pdflatex.exe (file d:/Desktop/InProgress/SemestrVI/Semiconductors/code/report/Figures/strain/eps_par2.pdf): PDF inclusion: multiple pdfs with page group included in a single page
>]
<Figures/strain/Ec1.pdf, id=1453, 462.52798pt x 346.89601pt>
File: Figures/strain/Ec1.pdf Graphic file (type pdf)
<use Figures/strain/Ec1.pdf>
Package pdftex.def Info: Figures/strain/Ec1.pdf  used on input line 613.
(pdftex.def)             Requested size: 228.75394pt x 171.56848pt.
<Figures/strain/Ev_hh1.pdf, id=1454, 462.52798pt x 346.89601pt>
File: Figures/strain/Ev_hh1.pdf Graphic file (type pdf)
<use Figures/strain/Ev_hh1.pdf>
Package pdftex.def Info: Figures/strain/Ev_hh1.pdf  used on input line 616.
(pdftex.def)             Requested size: 228.75394pt x 171.56848pt.

Overfull \hbox (14.28003pt too wide) in paragraph at lines 612--618
[][] [] 
 []

<Figures/strain/Ev_lh1.pdf, id=1455, 462.52798pt x 346.89601pt>
File: Figures/strain/Ev_lh1.pdf Graphic file (type pdf)
<use Figures/strain/Ev_lh1.pdf>
Package pdftex.def Info: Figures/strain/Ev_lh1.pdf  used on input line 620.
(pdftex.def)             Requested size: 228.75394pt x 171.56848pt.
<Figures/strain/Ev_sh1.pdf, id=1456, 462.52798pt x 346.89601pt>
File: Figures/strain/Ev_sh1.pdf Graphic file (type pdf)
<use Figures/strain/Ev_sh1.pdf>
Package pdftex.def Info: Figures/strain/Ev_sh1.pdf  used on input line 623.
(pdftex.def)             Requested size: 228.75394pt x 171.56848pt.

Overfull \hbox (14.28003pt too wide) in paragraph at lines 619--625
[][] [] 
 []


Package caption Warning: The option `hypcap=true' will be ignored for this
(caption)                particular \caption on input line 626.
See the caption package documentation for explanation.

<Figures/strain/Ec2.pdf, id=1457, 462.52798pt x 346.89601pt>
File: Figures/strain/Ec2.pdf Graphic file (type pdf)
<use Figures/strain/Ec2.pdf>
Package pdftex.def Info: Figures/strain/Ec2.pdf  used on input line 630.
(pdftex.def)             Requested size: 228.75394pt x 171.56848pt.
<Figures/strain/Ev_hh2.pdf, id=1458, 462.52798pt x 346.89601pt>
File: Figures/strain/Ev_hh2.pdf Graphic file (type pdf)
<use Figures/strain/Ev_hh2.pdf>
Package pdftex.def Info: Figures/strain/Ev_hh2.pdf  used on input line 633.
(pdftex.def)             Requested size: 228.75394pt x 171.56848pt.

Overfull \hbox (14.28003pt too wide) in paragraph at lines 629--635
[][] [] 
 []

[11 <d:/Desktop/InProgress/SemestrVI/Semiconductors/code/report/Figures/strain/Ec1.pdf> <d:/Desktop/InProgress/SemestrVI/Semiconductors/code/report/Figures/strain/Ev_hh1.pdf

pdfTeX warning: pdflatex.exe (file d:/Desktop/InProgress/SemestrVI/Semiconductors/code/report/Figures/strain/Ev_hh1.pdf): PDF inclusion: multiple pdfs with page group included in a single page
> <d:/Desktop/InProgress/SemestrVI/Semiconductors/code/report/Figures/strain/Ev_lh1.pdf

pdfTeX warning: pdflatex.exe (file d:/Desktop/InProgress/SemestrVI/Semiconductors/code/report/Figures/strain/Ev_lh1.pdf): PDF inclusion: multiple pdfs with page group included in a single page
> <d:/Desktop/InProgress/SemestrVI/Semiconductors/code/report/Figures/strain/Ev_sh1.pdf

pdfTeX warning: pdflatex.exe (file d:/Desktop/InProgress/SemestrVI/Semiconductors/code/report/Figures/strain/Ev_sh1.pdf): PDF inclusion: multiple pdfs with page group included in a single page
>]
<Figures/strain/Ev_lh2.pdf, id=1623, 462.52798pt x 346.89601pt>
File: Figures/strain/Ev_lh2.pdf Graphic file (type pdf)
<use Figures/strain/Ev_lh2.pdf>
Package pdftex.def Info: Figures/strain/Ev_lh2.pdf  used on input line 637.
(pdftex.def)             Requested size: 228.75394pt x 171.56848pt.
<Figures/strain/Ev_sh2.pdf, id=1624, 462.52798pt x 346.89601pt>
File: Figures/strain/Ev_sh2.pdf Graphic file (type pdf)
<use Figures/strain/Ev_sh2.pdf>
Package pdftex.def Info: Figures/strain/Ev_sh2.pdf  used on input line 640.
(pdftex.def)             Requested size: 228.75394pt x 171.56848pt.

Overfull \hbox (14.28003pt too wide) in paragraph at lines 636--642
[][] [] 
 []


Package caption Warning: The option `hypcap=true' will be ignored for this
(caption)                particular \caption on input line 643.
See the caption package documentation for explanation.

<Figures/strain/one.pdf, id=1627, 462.52798pt x 346.89601pt>
File: Figures/strain/one.pdf Graphic file (type pdf)
<use Figures/strain/one.pdf>
Package pdftex.def Info: Figures/strain/one.pdf  used on input line 649.
(pdftex.def)             Requested size: 343.1309pt x 257.36067pt.

Underfull \hbox (badness 2165) in paragraph at lines 653--653
[]\T1/ptm/m/n/12 Rysunek 2.10: |Ry-snek przed-sta-wia-j¡-cy ener-gie wszyst-kich pasm ra-zem, dla ma-te-ria-ªu
 []

[12 <d:/Desktop/InProgress/SemestrVI/Semiconductors/code/report/Figures/strain/Ec2.pdf> <d:/Desktop/InProgress/SemestrVI/Semiconductors/code/report/Figures/strain/Ev_hh2.pdf

pdfTeX warning: pdflatex.exe (file d:/Desktop/InProgress/SemestrVI/Semiconductors/code/report/Figures/strain/Ev_hh2.pdf): PDF inclusion: multiple pdfs with page group included in a single page
> <d:/Desktop/InProgress/SemestrVI/Semiconductors/code/report/Figures/strain/Ev_lh2.pdf

pdfTeX warning: pdflatex.exe (file d:/Desktop/InProgress/SemestrVI/Semiconductors/code/report/Figures/strain/Ev_lh2.pdf): PDF inclusion: multiple pdfs with page group included in a single page
> <d:/Desktop/InProgress/SemestrVI/Semiconductors/code/report/Figures/strain/Ev_sh2.pdf

pdfTeX warning: pdflatex.exe (file d:/Desktop/InProgress/SemestrVI/Semiconductors/code/report/Figures/strain/Ev_sh2.pdf): PDF inclusion: multiple pdfs with page group included in a single page
> <d:/Desktop/InProgress/SemestrVI/Semiconductors/code/report/Figures/strain/one.pdf

pdfTeX warning: pdflatex.exe (file d:/Desktop/InProgress/SemestrVI/Semiconductors/code/report/Figures/strain/one.pdf): PDF inclusion: multiple pdfs with page group included in a single page
>]
<Figures/structure/strain_no_strain.pdf, id=1837, 462.52798pt x 346.89601pt>
File: Figures/structure/strain_no_strain.pdf Graphic file (type pdf)
<use Figures/structure/strain_no_strain.pdf>
Package pdftex.def Info: Figures/structure/strain_no_strain.pdf  used on input line 667.
(pdftex.def)             Requested size: 457.50787pt x 343.14757pt.
<Figures/structure/temp_strain.pdf, id=1843, 462.52798pt x 346.89601pt>
File: Figures/structure/temp_strain.pdf Graphic file (type pdf)
<use Figures/structure/temp_strain.pdf>
Package pdftex.def Info: Figures/structure/temp_strain.pdf  used on input line 693.
(pdftex.def)             Requested size: 457.50787pt x 343.14757pt.
 [13 <d:/Desktop/InProgress/SemestrVI/Semiconductors/code/report/Figures/structure/strain_no_strain.pdf>] [14 <d:/Desktop/InProgress/SemestrVI/Semiconductors/code/report/Figures/structure/temp_strain.pdf>]
<Figures/thickness/fhc.pdf, id=1971, 462.52798pt x 346.89601pt>
File: Figures/thickness/fhc.pdf Graphic file (type pdf)
<use Figures/thickness/fhc.pdf>
Package pdftex.def Info: Figures/thickness/fhc.pdf  used on input line 740.
(pdftex.def)             Requested size: 366.00769pt x 274.52122pt.
<Figures/thickness/fix_x.pdf, id=1974, 462.52798pt x 346.89601pt>
File: Figures/thickness/fix_x.pdf Graphic file (type pdf)
<use Figures/thickness/fix_x.pdf>
Package pdftex.def Info: Figures/thickness/fix_x.pdf  used on input line 753.
(pdftex.def)             Requested size: 228.75394pt x 171.56848pt.
<Figures/thickness/fix_y.pdf, id=1975, 462.52798pt x 346.89601pt>
File: Figures/thickness/fix_y.pdf Graphic file (type pdf)
<use Figures/thickness/fix_y.pdf>
Package pdftex.def Info: Figures/thickness/fix_y.pdf  used on input line 756.
(pdftex.def)             Requested size: 228.75394pt x 171.56848pt.

Overfull \hbox (14.28003pt too wide) in paragraph at lines 752--758
[][] [] 
 []

[15 <d:/Desktop/InProgress/SemestrVI/Semiconductors/code/report/Figures/thickness/fhc.pdf>]

Package caption Warning: The option `hypcap=true' will be ignored for this
(caption)                particular \caption on input line 761.
See the caption package documentation for explanation.

Rozdzia\PlPrIeC {\l } 3.

Overfull \hbox (15.13245pt too wide) in paragraph at lines 775--775
|\T1/ptm/b/n/20.74 Dodatek: Wy-kre-sy pa-ra-me-trów ma-te-ria-ªów trój-skªad-
 []

<Figures/ternary/eg.pdf, id=2023, 462.52798pt x 346.89601pt>
File: Figures/ternary/eg.pdf Graphic file (type pdf)
<use Figures/ternary/eg.pdf>
Package pdftex.def Info: Figures/ternary/eg.pdf  used on input line 781.
(pdftex.def)             Requested size: 228.75394pt x 171.56848pt.
<Figures/ternary/vbo.pdf, id=2024, 462.52798pt x 346.89601pt>
File: Figures/ternary/vbo.pdf Graphic file (type pdf)
<use Figures/ternary/vbo.pdf>
Package pdftex.def Info: Figures/ternary/vbo.pdf  used on input line 784.
(pdftex.def)             Requested size: 228.75394pt x 171.56848pt.

Overfull \hbox (14.28003pt too wide) in paragraph at lines 780--786
[][] [] 
 []

[16 <d:/Desktop/InProgress/SemestrVI/Semiconductors/code/report/Figures/thickness/fix_x.pdf> <d:/Desktop/InProgress/SemestrVI/Semiconductors/code/report/Figures/thickness/fix_y.pdf

pdfTeX warning: pdflatex.exe (file d:/Desktop/InProgress/SemestrVI/Semiconductors/code/report/Figures/thickness/fix_y.pdf): PDF inclusion: multiple pdfs with page group included in a single page
>]
<Figures/ternary/delta_so.pdf, id=2138, 462.52798pt x 346.89601pt>
File: Figures/ternary/delta_so.pdf Graphic file (type pdf)
<use Figures/ternary/delta_so.pdf>
Package pdftex.def Info: Figures/ternary/delta_so.pdf  used on input line 788.
(pdftex.def)             Requested size: 228.75394pt x 171.56848pt.
<Figures/ternary/alc.pdf, id=2139, 462.52798pt x 346.89601pt>
File: Figures/ternary/alc.pdf Graphic file (type pdf)
<use Figures/ternary/alc.pdf>
Package pdftex.def Info: Figures/ternary/alc.pdf  used on input line 791.
(pdftex.def)             Requested size: 228.75394pt x 171.56848pt.

Overfull \hbox (14.28003pt too wide) in paragraph at lines 787--793
[][] [] 
 []

<Figures/ternary/m_e.pdf, id=2140, 462.52798pt x 346.89601pt>
File: Figures/ternary/m_e.pdf Graphic file (type pdf)
<use Figures/ternary/m_e.pdf>
Package pdftex.def Info: Figures/ternary/m_e.pdf  used on input line 795.
(pdftex.def)             Requested size: 228.75394pt x 171.56848pt.
<Figures/ternary/m_hh.pdf, id=2141, 462.52798pt x 346.89601pt>
File: Figures/ternary/m_hh.pdf Graphic file (type pdf)
<use Figures/ternary/m_hh.pdf>
Package pdftex.def Info: Figures/ternary/m_hh.pdf  used on input line 798.
(pdftex.def)             Requested size: 228.75394pt x 171.56848pt.

Overfull \hbox (14.28003pt too wide) in paragraph at lines 794--800
[][] [] 
 []

<Figures/ternary/m_lh.pdf, id=2142, 462.52798pt x 346.89601pt>
File: Figures/ternary/m_lh.pdf Graphic file (type pdf)
<use Figures/ternary/m_lh.pdf>
Package pdftex.def Info: Figures/ternary/m_lh.pdf  used on input line 803.
(pdftex.def)             Requested size: 228.75394pt x 171.56848pt.

Package caption Warning: The option `hypcap=true' will be ignored for this
(caption)                particular \caption on input line 805.
See the caption package documentation for explanation.

[17 <d:/Desktop/InProgress/SemestrVI/Semiconductors/code/report/Figures/ternary/eg.pdf> <d:/Desktop/InProgress/SemestrVI/Semiconductors/code/report/Figures/ternary/vbo.pdf

pdfTeX warning: pdflatex.exe (file d:/Desktop/InProgress/SemestrVI/Semiconductors/code/report/Figures/ternary/vbo.pdf): PDF inclusion: multiple pdfs with page group included in a single page
> <d:/Desktop/InProgress/SemestrVI/Semiconductors/code/report/Figures/ternary/delta_so.pdf

pdfTeX warning: pdflatex.exe (file d:/Desktop/InProgress/SemestrVI/Semiconductors/code/report/Figures/ternary/delta_so.pdf): PDF inclusion: multiple pdfs with page group included in a single page
> <d:/Desktop/InProgress/SemestrVI/Semiconductors/code/report/Figures/ternary/alc.pdf

pdfTeX warning: pdflatex.exe (file d:/Desktop/InProgress/SemestrVI/Semiconductors/code/report/Figures/ternary/alc.pdf): PDF inclusion: multiple pdfs with page group included in a single page
> <d:/Desktop/InProgress/SemestrVI/Semiconductors/code/report/Figures/ternary/m_e.pdf

pdfTeX warning: pdflatex.exe (file d:/Desktop/InProgress/SemestrVI/Semiconductors/code/report/Figures/ternary/m_e.pdf): PDF inclusion: multiple pdfs with page group included in a single page
> <d:/Desktop/InProgress/SemestrVI/Semiconductors/code/report/Figures/ternary/m_hh.pdf

pdfTeX warning: pdflatex.exe (file d:/Desktop/InProgress/SemestrVI/Semiconductors/code/report/Figures/ternary/m_hh.pdf): PDF inclusion: multiple pdfs with page group included in a single page
> <d:/Desktop/InProgress/SemestrVI/Semiconductors/code/report/Figures/ternary/m_lh.pdf

pdfTeX warning: pdflatex.exe (file d:/Desktop/InProgress/SemestrVI/Semiconductors/code/report/Figures/ternary/m_lh.pdf): PDF inclusion: multiple pdfs with page group included in a single page
>]
Overfull \hbox (7.32202pt too wide) in paragraph at lines 820--820
[]\T1/ptm/m/n/12 Michael L. Tim-mons []and []S. M. Be-da-ir. ``Al-Ga-AsSb/GaAsSb CA-SCA-DE SO-LAR CELLS.''
 []

[18]
Overfull \hbox (14.02232pt too wide) in paragraph at lines 820--820
[]\T1/ptm/m/n/12 Quankui Yang []et al. []``Room-temperature short-wavelength Ga-InA-sA-lAsSb quantum-cascade
 []

[19]
Overfull \hbox (28.89886pt too wide) in paragraph at lines 820--820
\T1/cmtt/m/n/12 of -[] algaassb -[] algalnp -[] algainas -[] and -[] gainasp -[] for -[] optoelectronic -[] applications /
 []


Overfull \hbox (29.875pt too wide) in paragraph at lines 820--820
\T1/ptm/m/it/12 duc-tors\T1/ptm/m/n/12 . Chi-che-ster, UK: John Wi-ley & Sons, Ltd, []Mar. []2009, []pp. []1^^U400. \T1/ptm/m/sc/12 isbn\T1/ptm/m/n/12 : 9780470744383.
 []


Overfull \hbox (22.50258pt too wide) in paragraph at lines 820--820
\T1/ptm/m/sc/12 doi\T1/ptm/m/n/12 : [][]$\T1/cmtt/m/n/12 10 . 1002 / 9780470744383$[][]\T1/ptm/m/n/12 . \T1/ptm/m/sc/12 url\T1/ptm/m/n/12 : [][]$\T1/cmtt/m/n/12 http : / / doi . wiley . com / 10 . 1002 / 9780470744383$[][]\T1/ptm/m/n/12 . 
 []

[20]
Package atveryend Info: Empty hook `BeforeClearDocument' on input line 826.
Package atveryend Info: Empty hook `AfterLastShipout' on input line 826.
 (d:/Desktop/InProgress/SemestrVI/Semiconductors/code/report/main.aux)
Package atveryend Info: Executing hook `AtVeryEndDocument' on input line 826.
Package atveryend Info: Executing hook `AtEndAfterFileList' on input line 826.
Package rerunfilecheck Info: File `main.out' has not changed.
(rerunfilecheck)             Checksum: D228D91D10568CF1012F4E108D2BDB15;1246.


LaTeX Warning: There were multiply-defined labels.

Package logreq Info: Writing requests to 'main.run.xml'.
\openout1 = `main.run.xml'.

Package atveryend Info: Empty hook `AtVeryVeryEnd' on input line 826.
 ) 
Here is how much of TeX's memory you used:
 31477 strings out of 480875
 623272 string characters out of 5911456
 1262819 words of memory out of 5000000
 46453 multiletter control sequences out of 15000+600000
 587841 words of font info for 105 fonts, out of 8000000 for 9000
 1141 hyphenation exceptions out of 8191
 59i,14n,77p,3958b,2245s stack positions out of 5000i,500n,10000p,200000b,80000s
{c:/texlive/2020/texmf-dist/fonts/enc/dvips/base/8r.enc}{c:/texlive/2020/texmf-dist/fonts/enc/dvips/cm-super/cm-super-t1.enc}<c:/texlive/2020/texmf-dist/fonts/type1/public/amsfonts/cm/cmex10.pfb><c:/texlive/2020/texmf-dist/fonts/type1/public/amsfonts/cm/cmmi12.pfb><c:/texlive/2020/texmf-dist/fonts/type1/public/amsfonts/cm/cmmi6.pfb><c:/texlive/2020/texmf-dist/fonts/type1/public/amsfonts/cm/cmmi8.pfb><c:/texlive/2020/texmf-dist/fonts/type1/public/amsfonts/cm/cmr12.pfb><c:/texlive/2020/texmf-dist/fonts/type1/public/amsfonts/cm/cmr6.pfb><c:/texlive/2020/texmf-dist/fonts/type1/public/amsfonts/cm/cmr8.pfb><c:/texlive/2020/texmf-dist/fonts/type1/public/amsfonts/cm/cmsy10.pfb><c:/texlive/2020/texmf-dist/fonts/type1/public/amsfonts/cm/cmsy6.pfb><c:/texlive/2020/texmf-dist/fonts/type1/public/amsfonts/cm/cmsy8.pfb><c:/texlive/2020/texmf-dist/fonts/type1/public/cm-super/sftt1200.pfb><c:/texlive/2020/texmf-dist/fonts/type1/urw/times/utmb8a.pfb><c:/texlive/2020/texmf-dist/fonts/type1/urw/times/utmr8a.pfb><c:/texlive/2020/texmf-dist/fonts/type1/urw/times/utmri8a.pfb>
Output written on d:/Desktop/InProgress/SemestrVI/Semiconductors/code/report/main.pdf (23 pages, 835897 bytes).
PDF statistics:
 2607 PDF objects out of 2984 (max. 8388607)
 828 compressed objects within 9 object streams
 98 named destinations out of 1000 (max. 500000)
 383 words of extra memory for PDF output out of 10000 (max. 10000000)

